mode: set
github.com/zgoerbe/bendis/session/session.go:21.52,26.16 3 1
github.com/zgoerbe/bendis/session/session.go:31.2,31.48 1 1
github.com/zgoerbe/bendis/session/session.go:36.2,36.47 1 1
github.com/zgoerbe/bendis/session/session.go:41.2,50.40 8 1
github.com/zgoerbe/bendis/session/session.go:61.2,61.16 1 1
github.com/zgoerbe/bendis/session/session.go:26.16,28.3 1 0
github.com/zgoerbe/bendis/session/session.go:31.48,33.3 1 1
github.com/zgoerbe/bendis/session/session.go:36.47,38.3 1 0
github.com/zgoerbe/bendis/session/session.go:51.16,51.16 0 0
github.com/zgoerbe/bendis/session/session.go:53.26,53.26 0 0
github.com/zgoerbe/bendis/session/session.go:55.32,55.32 0 0
github.com/zgoerbe/bendis/session/session.go:57.10,57.10 0 1
github.com/zgoerbe/bendis/render/render.go:36.111,37.37 1 1
github.com/zgoerbe/bendis/render/render.go:46.2,46.52 1 1
github.com/zgoerbe/bendis/render/render.go:38.12,39.36 1 1
github.com/zgoerbe/bendis/render/render.go:40.13,41.48 1 1
github.com/zgoerbe/bendis/render/render.go:42.10,42.10 0 1
github.com/zgoerbe/bendis/render/render.go:50.102,52.16 2 1
github.com/zgoerbe/bendis/render/render.go:56.2,57.17 2 1
github.com/zgoerbe/bendis/render/render.go:61.2,62.16 2 1
github.com/zgoerbe/bendis/render/render.go:66.2,66.12 1 1
github.com/zgoerbe/bendis/render/render.go:52.16,54.3 1 1
github.com/zgoerbe/bendis/render/render.go:57.17,59.3 1 0
github.com/zgoerbe/bendis/render/render.go:62.16,64.3 1 0
github.com/zgoerbe/bendis/render/render.go:70.122,74.22 2 1
github.com/zgoerbe/bendis/render/render.go:80.2,81.18 2 1
github.com/zgoerbe/bendis/render/render.go:85.2,86.16 2 1
github.com/zgoerbe/bendis/render/render.go:91.2,91.46 1 1
github.com/zgoerbe/bendis/render/render.go:96.2,96.12 1 1
github.com/zgoerbe/bendis/render/render.go:74.22,76.3 1 1
github.com/zgoerbe/bendis/render/render.go:76.8,78.3 1 0
github.com/zgoerbe/bendis/render/render.go:81.18,83.3 1 0
github.com/zgoerbe/bendis/render/render.go:86.16,89.3 2 1
github.com/zgoerbe/bendis/render/render.go:91.46,94.3 2 0
