mode: set
github.com/zgoerbe/bendis/mailer/mail.go:47.32,48.6 1 1
github.com/zgoerbe/bendis/mailer/mail.go:48.6,51.17 3 1
github.com/zgoerbe/bendis/mailer/mail.go:51.17,53.4 1 1
github.com/zgoerbe/bendis/mailer/mail.go:53.9,55.4 1 1
github.com/zgoerbe/bendis/mailer/mail.go:59.40,60.81 1 1
github.com/zgoerbe/bendis/mailer/mail.go:64.2,64.31 1 1
github.com/zgoerbe/bendis/mailer/mail.go:60.81,62.3 1 1
github.com/zgoerbe/bendis/mailer/mail.go:67.45,68.15 1 1
github.com/zgoerbe/bendis/mailer/mail.go:69.42,70.36 1 0
github.com/zgoerbe/bendis/mailer/mail.go:71.10,72.91 1 1
github.com/zgoerbe/bendis/mailer/mail.go:76.66,77.20 1 1
github.com/zgoerbe/bendis/mailer/mail.go:81.2,81.24 1 1
github.com/zgoerbe/bendis/mailer/mail.go:85.2,96.16 3 1
github.com/zgoerbe/bendis/mailer/mail.go:100.2,101.16 2 0
github.com/zgoerbe/bendis/mailer/mail.go:105.2,106.16 2 0
github.com/zgoerbe/bendis/mailer/mail.go:111.2,120.16 3 0
github.com/zgoerbe/bendis/mailer/mail.go:124.2,125.16 2 0
github.com/zgoerbe/bendis/mailer/mail.go:129.2,129.12 1 0
github.com/zgoerbe/bendis/mailer/mail.go:77.20,79.3 1 1
github.com/zgoerbe/bendis/mailer/mail.go:81.24,83.3 1 1
github.com/zgoerbe/bendis/mailer/mail.go:96.16,98.3 1 1
github.com/zgoerbe/bendis/mailer/mail.go:101.16,103.3 1 0
github.com/zgoerbe/bendis/mailer/mail.go:106.16,108.3 1 0
github.com/zgoerbe/bendis/mailer/mail.go:120.16,122.3 1 0
github.com/zgoerbe/bendis/mailer/mail.go:125.16,127.3 1 0
github.com/zgoerbe/bendis/mailer/mail.go:132.79,133.30 1 0
github.com/zgoerbe/bendis/mailer/mail.go:149.2,149.12 1 0
github.com/zgoerbe/bendis/mailer/mail.go:133.30,136.37 2 0
github.com/zgoerbe/bendis/mailer/mail.go:147.3,147.31 1 0
github.com/zgoerbe/bendis/mailer/mail.go:136.37,139.18 3 0
github.com/zgoerbe/bendis/mailer/mail.go:142.4,145.45 4 0
github.com/zgoerbe/bendis/mailer/mail.go:139.18,141.5 1 0
github.com/zgoerbe/bendis/mailer/mail.go:152.51,154.16 2 1
github.com/zgoerbe/bendis/mailer/mail.go:158.2,159.16 2 1
github.com/zgoerbe/bendis/mailer/mail.go:163.2,174.16 11 1
github.com/zgoerbe/bendis/mailer/mail.go:178.2,183.30 5 1
github.com/zgoerbe/bendis/mailer/mail.go:189.2,190.16 2 1
github.com/zgoerbe/bendis/mailer/mail.go:194.2,194.12 1 1
github.com/zgoerbe/bendis/mailer/mail.go:154.16,156.3 1 0
github.com/zgoerbe/bendis/mailer/mail.go:159.16,161.3 1 0
github.com/zgoerbe/bendis/mailer/mail.go:174.16,176.3 1 0
github.com/zgoerbe/bendis/mailer/mail.go:183.30,184.37 1 1
github.com/zgoerbe/bendis/mailer/mail.go:184.37,186.4 1 1
github.com/zgoerbe/bendis/mailer/mail.go:190.16,192.3 1 1
github.com/zgoerbe/bendis/mailer/mail.go:197.56,198.11 1 1
github.com/zgoerbe/bendis/mailer/mail.go:199.13,200.33 1 0
github.com/zgoerbe/bendis/mailer/mail.go:201.13,202.28 1 0
github.com/zgoerbe/bendis/mailer/mail.go:203.14,204.29 1 1
github.com/zgoerbe/bendis/mailer/mail.go:205.10,206.33 1 0
github.com/zgoerbe/bendis/mailer/mail.go:210.62,214.16 3 1
github.com/zgoerbe/bendis/mailer/mail.go:218.2,219.65 2 1
github.com/zgoerbe/bendis/mailer/mail.go:223.2,225.16 3 1
github.com/zgoerbe/bendis/mailer/mail.go:229.2,229.30 1 1
github.com/zgoerbe/bendis/mailer/mail.go:214.16,216.3 1 0
github.com/zgoerbe/bendis/mailer/mail.go:219.65,221.3 1 0
github.com/zgoerbe/bendis/mailer/mail.go:225.16,227.3 1 0
github.com/zgoerbe/bendis/mailer/mail.go:232.67,236.16 3 1
github.com/zgoerbe/bendis/mailer/mail.go:240.2,241.65 2 1
github.com/zgoerbe/bendis/mailer/mail.go:245.2,247.26 2 1
github.com/zgoerbe/bendis/mailer/mail.go:236.16,238.3 1 0
github.com/zgoerbe/bendis/mailer/mail.go:241.65,243.3 1 0
github.com/zgoerbe/bendis/mailer/mail.go:250.52,258.16 3 1
github.com/zgoerbe/bendis/mailer/mail.go:262.2,263.16 2 1
github.com/zgoerbe/bendis/mailer/mail.go:267.2,267.18 1 1
github.com/zgoerbe/bendis/mailer/mail.go:258.16,260.3 1 0
github.com/zgoerbe/bendis/mailer/mail.go:263.16,265.3 1 0
